<?xml version="1.0" encoding="UTF-8"?>
<testng-results skipped="0" failed="0" ignored="0" total="0" passed="0">
  <reporter-output>
  </reporter-output>
  <suite name="mega.automation.AppTest" duration-ms="19" started-at="2021-07-28T21:18:25 NZST" finished-at="2021-07-28T21:18:25 NZST">
    <groups>
    </groups>
    <test name="Command line test" duration-ms="19" started-at="2021-07-28T21:18:25 NZST" finished-at="2021-07-28T21:18:25 NZST">
    </test> <!-- Command line test -->
  </suite> <!-- mega.automation.AppTest -->
</testng-results>
