<?xml version="1.0" encoding="UTF-8"?>
<testng-results skipped="0" failed="0" ignored="0" total="1" passed="1">
  <reporter-output>
  </reporter-output>
  <suite name="mega.automation.AppTest" duration-ms="49641" started-at="2021-07-31T12:56:04 NZST" finished-at="2021-07-31T12:56:53 NZST">
    <groups>
    </groups>
    <test name="Command line test" duration-ms="49641" started-at="2021-07-31T12:56:04 NZST" finished-at="2021-07-31T12:56:53 NZST">
      <class name="mega.automation.AppTest">
        <test-method status="PASS" signature="Initialise()[pri:0, instance:mega.automation.AppTest@4d95d2a2]" name="Initialise" is-config="true" duration-ms="14961" started-at="2021-07-31T12:56:04 NZST" finished-at="2021-07-31T12:56:19 NZST">
          <reporter-output>
          </reporter-output>
        </test-method> <!-- Initialise -->
        <test-method status="PASS" signature="Login()[pri:0, instance:mega.automation.AppTest@4d95d2a2]" name="Login" is-config="true" duration-ms="8550" started-at="2021-07-31T12:56:19 NZST" finished-at="2021-07-31T12:56:27 NZST">
          <reporter-output>
          </reporter-output>
        </test-method> <!-- Login -->
        <test-method status="PASS" signature="CreateAFile()[pri:0, instance:mega.automation.AppTest@4d95d2a2]" name="CreateAFile" duration-ms="26067" started-at="2021-07-31T12:56:27 NZST" finished-at="2021-07-31T12:56:53 NZST">
          <reporter-output>
          </reporter-output>
        </test-method> <!-- CreateAFile -->
      </class> <!-- mega.automation.AppTest -->
    </test> <!-- Command line test -->
  </suite> <!-- mega.automation.AppTest -->
</testng-results>
