<?xml version="1.0" encoding="UTF-8"?>
<testng-results skipped="0" failed="0" ignored="0" total="1" passed="1">
  <reporter-output>
  </reporter-output>
  <suite name="Suite" duration-ms="39138" started-at="2021-07-30T00:24:40 NZST" finished-at="2021-07-30T00:25:19 NZST">
    <groups>
    </groups>
    <test name="Test" duration-ms="39138" started-at="2021-07-30T00:24:40 NZST" finished-at="2021-07-30T00:25:19 NZST">
      <class name="mega.automation.AppTest">
        <test-method status="PASS" signature="SetUp()[pri:0, instance:mega.automation.AppTest@13eb8acf]" name="SetUp" is-config="true" duration-ms="10" started-at="2021-07-30T00:24:40 NZST" finished-at="2021-07-30T00:24:40 NZST">
          <reporter-output>
          </reporter-output>
        </test-method> <!-- SetUp -->
        <test-method status="PASS" signature="Login()[pri:0, instance:mega.automation.AppTest@13eb8acf]" name="Login" duration-ms="39072" started-at="2021-07-30T00:24:40 NZST" finished-at="2021-07-30T00:25:19 NZST">
          <reporter-output>
          </reporter-output>
        </test-method> <!-- Login -->
      </class> <!-- mega.automation.AppTest -->
    </test> <!-- Test -->
  </suite> <!-- Suite -->
</testng-results>
